# JRE version: OpenJDK Runtime Environment Temurin-17.0.1+12 (17.0.1+12) (build 17.0.1+12)
# Java VM: OpenJDK 64-Bit Server VM Temurin-17.0.1+12 (17.0.1+12, mixed mode, tiered, compressed oops, compressed class ptrs, g1 gc, windows-amd64)
GC Precious Log:
 CPUs: 8 total, 8 available
 Memory: 8007M
 Large Page Support: Disabled
 NUMA Support: Disabled
 Compressed Oops: Enabled (32-bit)
 Heap Region Size: 1M
 Heap Min Capacity: 8M
 Heap Initial Capacity: 126M
 Heap Max Capacity: 2002M
 Pre-touch: Disabled
 Parallel Workers: 8
 Concurrent Workers: 2
 Concurrent Refinement Workers: 8
 Periodic GC: Disabled
Heap:
 garbage-first heap   total 58368K, used 37684K [0x0000000082e00000, 0x0000000100000000)
  region size 1024K, 10 young (10240K), 2 survivors (2048K)
 Metaspace       used 40070K, committed 40448K, reserved 1089536K
  class space    used 4790K, committed 4992K, reserved 1048576K
GC Heap History (20 events):
Event: 2.778 GC heap before
{Heap before GC invocations=5 (full 0):
 garbage-first heap   total 29696K, used 18340K [0x0000000082e00000, 0x0000000100000000)
  region size 1024K, 17 young (17408K), 6 survivors (6144K)
 Metaspace       used 25615K, committed 25920K, reserved 1073152K
  class space    used 2873K, committed 3008K, reserved 1048576K
}
Event: 2.781 GC heap after
{Heap after GC invocations=6 (full 0):
 garbage-first heap   total 29696K, used 8803K [0x0000000082e00000, 0x0000000100000000)
  region size 1024K, 3 young (3072K), 3 survivors (3072K)
 Metaspace       used 25615K, committed 25920K, reserved 1073152K
  class space    used 2873K, committed 3008K, reserved 1048576K
}
Event: 2.906 GC heap before
{Heap before GC invocations=6 (full 0):
 garbage-first heap   total 29696K, used 21091K [0x0000000082e00000, 0x0000000100000000)
  region size 1024K, 15 young (15360K), 3 survivors (3072K)
 Metaspace       used 27774K, committed 28096K, reserved 1081344K
  class space    used 3208K, committed 3392K, reserved 1048576K
}
Event: 2.907 GC heap after
{Heap after GC invocations=7 (full 0):
 garbage-first heap   total 29696K, used 8989K [0x0000000082e00000, 0x0000000100000000)
  region size 1024K, 2 young (2048K), 2 survivors (2048K)
 Metaspace       used 27774K, committed 28096K, reserved 1081344K
  class space    used 3208K, committed 3392K, reserved 1048576K
}
Event: 3.025 GC heap before
{Heap before GC invocations=7 (full 0):
 garbage-first heap   total 29696K, used 22301K [0x0000000082e00000, 0x0000000100000000)
  region size 1024K, 15 young (15360K), 2 survivors (2048K)
 Metaspace       used 29698K, committed 30080K, reserved 1081344K
  class space    used 3481K, committed 3648K, reserved 1048576K
}
Event: 3.027 GC heap after
{Heap after GC invocations=8 (full 0):
 garbage-first heap   total 29696K, used 9176K [0x0000000082e00000, 0x0000000100000000)
  region size 1024K, 2 young (2048K), 2 survivors (2048K)
 Metaspace       used 29698K, committed 30080K, reserved 1081344K
  class space    used 3481K, committed 3648K, reserved 1048576K
}
Event: 3.118 GC heap before
{Heap before GC invocations=8 (full 0):
 garbage-first heap   total 29696K, used 22488K [0x0000000082e00000, 0x0000000100000000)
  region size 1024K, 15 young (15360K), 2 survivors (2048K)
 Metaspace       used 31207K, committed 31552K, reserved 1081344K
  class space    used 3816K, committed 3968K, reserved 1048576K
}
Event: 3.120 GC heap after
{Heap after GC invocations=9 (full 0):
 garbage-first heap   total 79872K, used 9709K [0x0000000082e00000, 0x0000000100000000)
  region size 1024K, 2 young (2048K), 2 survivors (2048K)
 Metaspace       used 31207K, committed 31552K, reserved 1081344K
  class space    used 3816K, committed 3968K, reserved 1048576K
}
Event: 4.956 GC heap before
{Heap before GC invocations=9 (full 0):
 garbage-first heap   total 79872K, used 51693K [0x0000000082e00000, 0x0000000100000000)
  region size 1024K, 43 young (44032K), 2 survivors (2048K)
 Metaspace       used 35581K, committed 35968K, reserved 1081344K
  class space    used 4403K, committed 4608K, reserved 1048576K
}
Event: 4.963 GC heap after
{Heap after GC invocations=10 (full 0):
 garbage-first heap   total 79872K, used 15450K [0x0000000082e00000, 0x0000000100000000)
  region size 1024K, 5 young (5120K), 5 survivors (5120K)
 Metaspace       used 35581K, committed 35968K, reserved 1081344K
  class space    used 4403K, committed 4608K, reserved 1048576K
}
Event: 23.951 GC heap before
{Heap before GC invocations=11 (full 0):
 garbage-first heap   total 58368K, used 45146K [0x0000000082e00000, 0x0000000100000000)
  region size 1024K, 34 young (34816K), 5 survivors (5120K)
 Metaspace       used 37647K, committed 38016K, reserved 1089536K
  class space    used 4500K, committed 4672K, reserved 1048576K
}
Event: 23.965 GC heap after
{Heap after GC invocations=12 (full 0):
 garbage-first heap   total 58368K, used 17120K [0x0000000082e00000, 0x0000000100000000)
  region size 1024K, 2 young (2048K), 2 survivors (2048K)
 Metaspace       used 37647K, committed 38016K, reserved 1089536K
  class space    used 4500K, committed 4672K, reserved 1048576K
}
Event: 52.192 GC heap before
{Heap before GC invocations=12 (full 0):
 garbage-first heap   total 58368K, used 48864K [0x0000000082e00000, 0x0000000100000000)
  region size 1024K, 29 young (29696K), 2 survivors (2048K)
 Metaspace       used 37971K, committed 38336K, reserved 1089536K
  class space    used 4516K, committed 4672K, reserved 1048576K
}
Event: 52.196 GC heap after
{Heap after GC invocations=13 (full 0):
 garbage-first heap   total 58368K, used 20145K [0x0000000082e00000, 0x0000000100000000)
  region size 1024K, 2 young (2048K), 2 survivors (2048K)
 Metaspace       used 37971K, committed 38336K, reserved 1089536K
  class space    used 4516K, committed 4672K, reserved 1048576K
}
Event: 57.722 GC heap before
{Heap before GC invocations=13 (full 0):
 garbage-first heap   total 58368K, used 30385K [0x0000000082e00000, 0x0000000100000000)
  region size 1024K, 8 young (8192K), 2 survivors (2048K)
 Metaspace       used 38016K, committed 38336K, reserved 1089536K
  class space    used 4522K, committed 4672K, reserved 1048576K
}
Event: 57.725 GC heap after
{Heap after GC invocations=14 (full 0):
 garbage-first heap   total 58368K, used 26167K [0x0000000082e00000, 0x0000000100000000)
  region size 1024K, 2 young (2048K), 2 survivors (2048K)
 Metaspace       used 38016K, committed 38336K, reserved 1089536K
  class space    used 4522K, committed 4672K, reserved 1048576K
}
Event: 57.823 GC heap before
{Heap before GC invocations=14 (full 0):
 garbage-first heap   total 58368K, used 32311K [0x0000000082e00000, 0x0000000100000000)
  region size 1024K, 5 young (5120K), 2 survivors (2048K)
 Metaspace       used 38055K, committed 38464K, reserved 1089536K
  class space    used 4526K, committed 4736K, reserved 1048576K
}
Event: 57.825 GC heap after
{Heap after GC invocations=15 (full 0):
 garbage-first heap   total 58368K, used 20279K [0x0000000082e00000, 0x0000000100000000)
  region size 1024K, 2 young (2048K), 2 survivors (2048K)
 Metaspace       used 38055K, committed 38464K, reserved 1089536K
  class space    used 4526K, committed 4736K, reserved 1048576K
}
Event: 57.828 GC heap before
{Heap before GC invocations=15 (full 0):
 garbage-first heap   total 58368K, used 26423K [0x0000000082e00000, 0x0000000100000000)
  region size 1024K, 3 young (3072K), 2 survivors (2048K)
 Metaspace       used 38055K, committed 38464K, reserved 1089536K
  class space    used 4526K, committed 4736K, reserved 1048576K
}
Event: 57.830 GC heap after
{Heap after GC invocations=16 (full 0):
 garbage-first heap   total 58368K, used 26420K [0x0000000082e00000, 0x0000000100000000)
  region size 1024K, 2 young (2048K), 2 survivors (2048K)
 Metaspace       used 38055K, committed 38464K, reserved 1089536K
  class space    used 4526K, committed 4736K, reserved 1048576K
}

